# JRE version: Java(TM) SE Runtime Environment (17.0.1+12) (build 17.0.1+12-LTS-39)
# Java VM: Java HotSpot(TM) 64-Bit Server VM (17.0.1+12-LTS-39, mixed mode, sharing, tiered, compressed oops, compressed class ptrs, g1 gc, linux-amd64)
GC Precious Log:
 CPUs: 4 total, 4 available
 Memory: 3707M
 Large Page Support: Disabled
 NUMA Support: Disabled
 Compressed Oops: Enabled (32-bit)
 Heap Region Size: 1M
 Heap Min Capacity: 256M
 Heap Initial Capacity: 256M
 Heap Max Capacity: 2G
 Pre-touch: Disabled
 Parallel Workers: 4
 Concurrent Workers: 1
 Concurrent Refinement Workers: 4
 Periodic GC: Disabled
 String Deduplication is enabled
Heap:
 garbage-first heap   total 262144K, used 227453K [0x0000000080000000, 0x0000000100000000)
  region size 1024K, 7 young (7168K), 2 survivors (2048K)
 Metaspace       used 125377K, committed 128000K, reserved 1163264K
  class space    used 14734K, committed 15872K, reserved 1048576K
GC Heap History (20 events):
Event: 924,649 GC heap before
{Heap before GC invocations=67 (full 0):
 garbage-first heap   total 262144K, used 226827K [0x0000000080000000, 0x0000000100000000)
  region size 1024K, 14 young (14336K), 2 survivors (2048K)
 Metaspace       used 123911K, committed 126464K, reserved 1163264K
  class space    used 14520K, committed 15616K, reserved 1048576K
}
Event: 924,655 GC heap after
{Heap after GC invocations=68 (full 0):
 garbage-first heap   total 262144K, used 215660K [0x0000000080000000, 0x0000000100000000)
  region size 1024K, 2 young (2048K), 2 survivors (2048K)
 Metaspace       used 123911K, committed 126464K, reserved 1163264K
  class space    used 14520K, committed 15616K, reserved 1048576K
}
Event: 929,650 GC heap before
{Heap before GC invocations=68 (full 0):
 garbage-first heap   total 262144K, used 226924K [0x0000000080000000, 0x0000000100000000)
  region size 1024K, 13 young (13312K), 2 survivors (2048K)
 Metaspace       used 123911K, committed 126464K, reserved 1163264K
  class space    used 14520K, committed 15616K, reserved 1048576K
}
Event: 929,660 GC heap after
{Heap after GC invocations=69 (full 0):
 garbage-first heap   total 262144K, used 216488K [0x0000000080000000, 0x0000000100000000)
  region size 1024K, 2 young (2048K), 2 survivors (2048K)
 Metaspace       used 123911K, committed 126464K, reserved 1163264K
  class space    used 14520K, committed 15616K, reserved 1048576K
}
Event: 942,596 GC heap before
{Heap before GC invocations=69 (full 0):
 garbage-first heap   total 262144K, used 226728K [0x0000000080000000, 0x0000000100000000)
  region size 1024K, 12 young (12288K), 2 survivors (2048K)
 Metaspace       used 123911K, committed 126464K, reserved 1163264K
  class space    used 14520K, committed 15616K, reserved 1048576K
}
Event: 942,602 GC heap after
{Heap after GC invocations=70 (full 0):
 garbage-first heap   total 262144K, used 217471K [0x0000000080000000, 0x0000000100000000)
  region size 1024K, 2 young (2048K), 2 survivors (2048K)
 Metaspace       used 123911K, committed 126464K, reserved 1163264K
  class space    used 14520K, committed 15616K, reserved 1048576K
}
Event: 959,858 GC heap before
{Heap before GC invocations=70 (full 0):
 garbage-first heap   total 262144K, used 227711K [0x0000000080000000, 0x0000000100000000)
  region size 1024K, 12 young (12288K), 2 survivors (2048K)
 Metaspace       used 123912K, committed 126464K, reserved 1163264K
  class space    used 14520K, committed 15616K, reserved 1048576K
}
Event: 959,864 GC heap after
{Heap after GC invocations=71 (full 0):
 garbage-first heap   total 262144K, used 218402K [0x0000000080000000, 0x0000000100000000)
  region size 1024K, 2 young (2048K), 2 survivors (2048K)
 Metaspace       used 123912K, committed 126464K, reserved 1163264K
  class space    used 14520K, committed 15616K, reserved 1048576K
}
Event: 962,858 GC heap before
{Heap before GC invocations=71 (full 0):
 garbage-first heap   total 262144K, used 227618K [0x0000000080000000, 0x0000000100000000)
  region size 1024K, 12 young (12288K), 2 survivors (2048K)
 Metaspace       used 123945K, committed 126528K, reserved 1163264K
  class space    used 14523K, committed 15616K, reserved 1048576K
}
Event: 962,865 GC heap after
{Heap after GC invocations=72 (full 0):
 garbage-first heap   total 262144K, used 218823K [0x0000000080000000, 0x0000000100000000)
  region size 1024K, 2 young (2048K), 2 survivors (2048K)
 Metaspace       used 123945K, committed 126528K, reserved 1163264K
  class space    used 14523K, committed 15616K, reserved 1048576K
}
Event: 967,149 GC heap before
{Heap before GC invocations=72 (full 0):
 garbage-first heap   total 262144K, used 229063K [0x0000000080000000, 0x0000000100000000)
  region size 1024K, 12 young (12288K), 2 survivors (2048K)
 Metaspace       used 123976K, committed 126528K, reserved 1163264K
  class space    used 14523K, committed 15616K, reserved 1048576K
}
Event: 967,160 GC heap after
{Heap after GC invocations=73 (full 0):
 garbage-first heap   total 262144K, used 220264K [0x0000000080000000, 0x0000000100000000)
  region size 1024K, 2 young (2048K), 2 survivors (2048K)
 Metaspace       used 123976K, committed 126528K, reserved 1163264K
  class space    used 14523K, committed 15616K, reserved 1048576K
}
Event: 971,749 GC heap before
{Heap before GC invocations=73 (full 0):
 garbage-first heap   total 262144K, used 230504K [0x0000000080000000, 0x0000000100000000)
  region size 1024K, 12 young (12288K), 2 survivors (2048K)
 Metaspace       used 124362K, committed 127040K, reserved 1163264K
  class space    used 14569K, committed 15744K, reserved 1048576K
}
Event: 971,768 GC heap after
{Heap after GC invocations=74 (full 0):
 garbage-first heap   total 262144K, used 221548K [0x0000000080000000, 0x0000000100000000)
  region size 1024K, 2 young (2048K), 2 survivors (2048K)
 Metaspace       used 124362K, committed 127040K, reserved 1163264K
  class space    used 14569K, committed 15744K, reserved 1048576K
}
Event: 972,740 GC heap before
{Heap before GC invocations=74 (full 0):
 garbage-first heap   total 262144K, used 231788K [0x0000000080000000, 0x0000000100000000)
  region size 1024K, 12 young (12288K), 2 survivors (2048K)
 Metaspace       used 125135K, committed 127808K, reserved 1163264K
  class space    used 14705K, committed 15872K, reserved 1048576K
}
Event: 972,749 GC heap after
{Heap after GC invocations=75 (full 0):
 garbage-first heap   total 262144K, used 221607K [0x0000000080000000, 0x0000000100000000)
  region size 1024K, 2 young (2048K), 2 survivors (2048K)
 Metaspace       used 125135K, committed 127808K, reserved 1163264K
  class space    used 14705K, committed 15872K, reserved 1048576K
}
Event: 973,821 GC heap before
{Heap before GC invocations=75 (full 0):
 garbage-first heap   total 262144K, used 231847K [0x0000000080000000, 0x0000000100000000)
  region size 1024K, 12 young (12288K), 2 survivors (2048K)
 Metaspace       used 125187K, committed 127808K, reserved 1163264K
  class space    used 14706K, committed 15872K, reserved 1048576K
}
Event: 973,831 GC heap after
{Heap after GC invocations=76 (full 0):
 garbage-first heap   total 262144K, used 222478K [0x0000000080000000, 0x0000000100000000)
  region size 1024K, 2 young (2048K), 2 survivors (2048K)
 Metaspace       used 125187K, committed 127808K, reserved 1163264K
  class space    used 14706K, committed 15872K, reserved 1048576K
}
Event: 976,529 GC heap before
{Heap before GC invocations=76 (full 0):
 garbage-first heap   total 262144K, used 232718K [0x0000000080000000, 0x0000000100000000)
  region size 1024K, 12 young (12288K), 2 survivors (2048K)
 Metaspace       used 125371K, committed 128000K, reserved 1163264K
  class space    used 14734K, committed 15872K, reserved 1048576K
}
Event: 976,539 GC heap after
{Heap after GC invocations=77 (full 0):
 garbage-first heap   total 262144K, used 223357K [0x0000000080000000, 0x0000000100000000)
  region size 1024K, 2 young (2048K), 2 survivors (2048K)
 Metaspace       used 125371K, committed 128000K, reserved 1163264K
  class space    used 14734K, committed 15872K, reserved 1048576K
}

